<?xml version="1.0" encoding="UTF-8"?>
<testsuite name="com.veggie.android.simpeldesa.ExampleUnitTest" tests="1" skipped="0" failures="0" errors="0" timestamp="2022-09-11T16:40:48" hostname="DESKTOP-RV3P0J0" time="0.042">
  <properties/>
  <testcase name="addition_isCorrect" classname="com.veggie.android.simpeldesa.ExampleUnitTest" time="0.042"/>
  <system-out><![CDATA[]]></system-out>
  <system-err><![CDATA[]]></system-err>
</testsuite>
